[    0.000000] Initializing cgroup subsys cpuset
[    0.000000] Initializing cgousubss u
[    0.000000] Initializing cgroup subsys puct
[    0.000000] Linux version 4.4.0-22-generic (buildd@lgw01-41) (gcc version 5.3.1 20160413 (Ubuntu 5.3.1-14ubuntu2) ) #40-Ubuntu SMP Thu May 12 22:03:46 UTC 201 (unu 4.4.0-22.40-genri4..8)
  0.00000] Command line: BOOT_IMAGE=/boot/vmlinuz-4.4.0-22-generic root=LABEL=cloudimg-rootfs ro console=tty1 console=ttyS0
[    0.000000] KERNEL supported cpus:
[    0.000000]   Intel GeuiInel
  0.000000]   AMD AuthenticAMD
[    0.000000]  ntaur CentaurHauls
[    00000] 86/fpu: xstate_offset[2]: 57, xsatsies[2: 56
[   0.000] x8/f: uporngXSE ature0x: x87 loing point registers'
[    0.000000] x86/fpu: Supporting XSAVE feature 0x02: 'SSE registers'
[    0.000000] x86/fpu: Supporting XSAVE feature 0x04: 'AVX registers'
[    0.000000] x86/fpu: Enabled xstate features 0x7, context size is 832 bytes, using 'standard' format.
[    0.000000] x86/fpu: Using 'lazy' FPU context switches.
[    0.000000] e820: BIOS-provided physical RAM map:
[    0.000000] BIOS-e820: [mem 0x0000000000000000-0x000000000009fbff] usable
[    0.000000] BIOS-e820: [mem 0x000000000009fc00-0x000000000009ffff] reserved
[    0.000000] BIOS-e820: [mem 0x00000000000f0000-0x00000000000fffff] reserved
[    0.000000] BIOS-e820: [mem 0x0000000000100000-0x000000003ffeffff] usable
[    0.000000] BIOS-e820: [mem 0x000000003fff0000-0x000000003fffffff] ACPI data
[    0.000000] BIOS-e820: [mem 0x00000ff0000-0x00000000ffffffff] rseed
[    00000 NX (Execute Disable) protecio: aciv
[   0.000000] SMBIOS 2.5 present.
[    0.0000] pervis dected: KVM
[    0.000000] e820: last_pfn = 0x3fff0 max_arch_pfn = 0x400000000
[    0.000000] x86/PAT: Configuration [0-7]: WB  WC  UC- UC  WB  WC  UC- WT  
[    0.000000] MTRR: Disabled
[    0.000000] CPU MTRRs all blank - virtualized system.
[    0.000000] found SMP MP-table at [mem 0x0009fff0-0x0009ffff] mapped at [ffff88000009fff0]
[    0.000000] Scanning 1 areas for low memory corruption
[    0.000000] RAMDIK:[mem 0x371b0000-0x378cffff]
[    0.0000] ACPI: Early table checksum verificaion disabled
[    0.000000] ACPI: RSDP 0x00000000000E000 00024v0 VX 
[    0.000000] ACPI: XSDT 0x000000003FFF0030 00003C (v01 VBOX   VBOXXSDT 00000001 ASL  00000061)
[    0.000000] ACPI: FACP 0x000000003FFF00F0 0000F4 (v04 VBOX   VBOXFACP 00000001 ASL  00000061)
[    0.000000] ACPI: DSDT 0x000000003FFF0470 002106 (v01 VBOX   VBOXBIOS 00000002 INTL 20160108)
[    0.000000] ACPI: FACS 0x000000003FFF0200 000040
[    0.000000] ACPI: FACS 0x000000003FFF0200 000040
[    0.000000] AI: APIC 0x000000003FFF0240 00005C (v02 VBOX   VBOXAPIC 00000001 ASL  00000061)
[    0.000000] ACPI: SSDT 0x000000003FFF02A0 0001CC (v01 VBOX   VBOXCPUT 00000002 INTL 20160108)
[    0.000] No UMcofiguration found
[    0.000000] Faking a node at [mem 0x0000000000000000-0x000000003ffeffff]
[    0.000000] NODE_DATA(0) allocated [mem 0x3ffeb000-0x3ffeffff]
[    0.000000] kvm-clock: Using msrs 4b564d01 and 4b564d00
[    0.000000] kvm-clock: cpu 0, msr 0:3ffe7001, primary cpu clock
[    0.000000] kvm-clock: using sched offset of 3328601110 cycles
[    0.000000] clocksource: kvm-clock: mask: 0xffffffffffffffff max_cycles: 0x1cd42e4dffb, max_idle_ns: 881590591483 ns
[    0.000000] Zone ranges:
[    0.000000]   DMA      [mem 0x0000000000001000-0x0000000000ffffff]
[    0.000000]   DMA32    [mem 0x0000000001000000-0x000000003ffeffff]
[    0.000000]   Normal   empty
[    0.000000]   Device   empty
[    0.000000] Movable zone start for each node
[    0.000000] Early memory node ranges
[    0.000000]   node   0: [mem 0x0000000000001000-0x000000000009efff]
[    0.000000]   node   0: [mem 0x0000000000100000-0x000000003ffeffff]
[    0.000000] Initmem setup node 0 [mem 0x0000000000001000-0x000000003ffeffff]
[    0.000000] ACPI: PM-Timer IO Port: 0x4008
[    0.000000] IOAPIC[0]: apic_id 2, version 17, address 0xfec00000, GSI 0-23
[    0.000000] ACPI: INT_SRC_OVR (bus 0 bus_irq 0 global_irq 2 dfl dfl)
[    0.000000] ACPI: INT_SRC_OVR (bus 0 bus_irq 9 global_irq 9 high level)
[    0.000000] Using ACPI (MADT) for SMP configuration information
[    0.000000] smpboot: Allowing 2 CPUs, 0 hotplug CPUs
[    0.000000] PM: Registered nosave memory: [mem 0x00000000-0x00000fff]
[    0.000000] PM: Registerd sae memory: [mem 0x0009f000-0x0009ffff]
[    0.000000] PM: Registered nosave memory: [mem 0x000a0000-0x000effff]
[    0.000000] PM: Registered nosave memory: [mem 0x000f0000-0x000fffff]
[    0.000000] e820: [mem 0x40000000-0xfffbffff] available for PCI devices
[    0.000000] Booting paravirtualized kernel on KVM
[   0.00000] clocksource: refined-jiffies: mask: 0xffffffff max_cycles: 0xffffffff, max_idle_ns: 7645519600211568 ns
[    0.000000] setup_percpu: NR_CPUS:256 nr_cpumask_bits:256 nr_cpu_ids:2 nr_node_ids:1
   0.000000] PERCPU: Embedded 33 pagescp @ffff88003fc00000 s98008 r8192 d28968 u1048576
[    0.000000] PV qspinlock hash table entries: 256 (order: 0, 4096 bytes)
[    0.000000] Built 1 zonelists in Node order, mobility grouping on.  Total pages: 257913
[    0.000000] Policy zone: DMA32
[    0.000000] Kernel command line: BOOT_IMAGE=/boot/vmlinuz-4.4.0-22-generic root=LABEL=cloudimg-rootfs ro console=tty1 console=ttyS0
[    0.000000] PID hash table entries: 4096 (ode 3 32768 bytes)
[    0.000000] emy:1005348K/1048120K available (8359K kernel code, 1278K rwdata, 3920K rodata, 1480K init, 1292K bss, 42772K reserved, 0K cma-reserved)
[    0.000000] SLUB: HWalign=64, Order=0-3, MinObjects=0, CPUs=2, Nodes=1
[    0.000000] Hierarchical RCU implementation.
[    0.000000] 	Build-time adjustment of leaf fanout to 64.
[    0.000000] 	RCU restricting CPUs from NR_CPUS=256 to nr_cpu_ids=2.
[    0.000000] RCU: Adjusting geometry for rcu_fanout_leaf=64, nr_cpu_ids=2
[    0.000000] NR_IRQS:16640 nr_irqs:440 16
[    0.000000] Console: colour VGA+ 80x25
[    0.000000] console [tty1] enabled
[   0.000000] console [ttyS0] enabled
[    0.000000] tsc: Detected 2394.456 MHz processor
[    2.516622] Calibrating delay loop (skipped) preset value.. 4788.91 BogoMIPS (lpj=9577824)
[    2.523498] pid_max: default: 32768 minimum: 301
[    2.524340] ACPI: Core revision 20150930
[    2.525989] ACPI: 2 ACPI AML tables successfully acquired and loaded
[    2.542401] Security Framework initialized
[    2.543227] Yama: becoming mindful.
[    2.543927] AppArmor: AppArmor initialized
[    2.544762] Dentry cache hash table entries: 131072 (order: 8, 1048576 bytes)
[    2.546106] Inode-cache hash table entries: 65536 (order: 7, 524288 bytes)
[    2.547841] Mount-cache hash table entries: 2048 (order: 2, 16384 bytes)
[    2.554273] Mountpoint-cache hash table entries: 2048 (order: 2, 16384 bytes)
[    2.555690] Initializing cgroup subsys io
[    2.563502] Initializing cgroup subsys memory
[    2.564320] Initializing cgroup subsys devices
[    2.565135] Initializing cgroup subsys freezer
[    2.571274] Initializing cgroup subsys net_cls
[    2.572092] Initializing cgroup subsys perf_event
[    2.572937] Initializing cgroup subsys net_prio
[    2.573758] Initializing cgroup subsys hugetlb
[    2.574604] Initializing cgroup subsys pids
[    2.580781] CPU: Physical Processor ID: 0
[    2.586844] CPU: Processor Core ID: 0
[    2.588515] mce: CPU supports 0 MCE banks
[    2.589300] Last level iTLB entries: 4KB 64, 2MB 8, 4MB 8
[    2.590245] Last level dTLB entries: 4KB 64, 2MB 0, 4MB 0, 1GB 4
[    2.593030] Freeing SMP alternatives memory: 28K (ffffffff820b3000 - ffffffff820ba000)
[    2.603755] ftrace: allocating 31906 entries in 125 pages
[    2.649604] smpboot: Max logical packages: 1
[    2.666465] smpboot: APIC(0) Converting physical 0 to logical package 0
[    2.668841] ..TIMER: vector=0x30 apic1=0 pin1=2 apic2=-1 pin2=-1
[    2.774674] smpboot: CPU0: Intel(R) Core(TM) i7-5500U CPU @ 2.40GHz (family: 0x6, model: 0x3d, stepping: 0x4)
[    2.781843] Performance Events: unsupported p6 CPU model 61 no PMU driver, software events only.
[    2.783601] KVM setup paravirtual spinlock
[    2.785028] x86: Booting SMP configuration:
[    2.787422] .... node  #0, CPUs:      #1
[    2.791554] kvm-clock: cpu 1, msr 0:3ffe7041, secondary cpu clock
[    2.793519] mce: CPU supports 0 MCE banks
[    2.796105] x86: Booted up 1 node, 2 CPUs
[    2.797065] smpboot: Total of 2 processors activated (9577.82 BogoMIPS)
[    2.798645] devtmpfs: initialized
[    2.803153] evm: security.selinux
[    2.807242] evm: security.SMACK64
[    2.808987] evm: security.SMACK64EXEC
[    2.809688] evm: security.SMACK64TRANSMUTE
[    2.810444] evm: security.SMACK64MMAP
[    2.811194] evm: security.ima
[    2.811826] evm: security.capability
[    2.812784] clocksource: jiffies: mask: 0xffffffff max_cycles: 0xffffffff, max_idle_ns: 7645041785100000 ns
[    2.816473] pinctrl core: initialized pinctrl subsystem
[    2.817496] RTC time: 20:39:43, date: 05/17/16
[    2.826922] NET: Registered protocol family 16
[    2.850825] cpuidle: using governor ladder
[    2.903162] cpuidle: using governor menu
[    2.921946] PCCT header not found.
[    2.922721] ACPI: bus type PCI registered
[    2.923679] acpiphp: ACPI Hot Plug PCI Controller Driver version: 0.5
[    2.925219] PCI: Using configuration type 1 for base access
[    2.947927] ACPI: Added _OSI(Module Device)
[    2.954285] ACPI: Added _OSI(Processor Device)
[    2.955411] ACPI: Added _OSI(3.0 _SCP Extensions)
[    2.956514] ACPI: Added _OSI(Processor Aggregator Device)
[    2.958634] ACPI: Executed 1 blocks of module-level executable AML code
[    3.026743] ACPI: Interpreter enabled
[    3.044787] ACPI Exception: AE_NOT_FOUND, While evaluating Sleep State [\_S1_] (20150930/hwxface-580)
[    3.087147] ACPI Exception: AE_NOT_FOUND, While evaluating Sleep State [\_S2_] (20150930/hwxface-580)
[    3.115367] ACPI Exception: AE_NOT_FOUND, While evaluating Sleep State [\_S3_] (20150930/hwxface-580)
[    3.198438] ACPI Exception: AE_NOT_FOUND, While evaluating Sleep State [\_S4_] (20150930/hwxface-580)
[    3.200224] ACPI: (supports S0 S5)
[    3.200941] ACPI: Using IOAPIC for interrupt routing
[    3.201976] PCI: Using host bridge windows from ACPI; if necessary, use "pci=nocrs" and report a bug
[    3.206774] ACPI: PCI Root Bridge [PCI0] (domain 0000 [bus 00-ff])
[    3.230322] acpi PNP0A03:00: _OSC: OS supports [ASPM ClockPM Segments MSI]
[    3.295957] acpi PNP0A03:00: _OSC failed (AE_NOT_FOUND); disabling ASPM
[    3.347391] acpi PNP0A03:00: fail to add MMCONFIG information, can't access extended PCI configuration space under this bridge.
[    3.446885] PCI host bridge to bus 0000:00
[    3.497023] pci_bus 0000:00: root bus resource [io  0x0000-0x0cf7 window]
[    3.543933] pci_bus 0000:00: root bus resource [io  0x0d00-0xffff window]
[    3.588627] pci_bus 0000:00: root bus resource [mem 0x000a0000-0x000bffff window]
[    3.601475] pci_bus 0000:00: root bus resource [mem 0x40000000-0xffdfffff window]
[    3.619885] pci_bus 0000:00: root bus resource [bus 00-ff]
[    3.622222] pci 0000:00:01.1: legacy IDE quirk: reg 0x10: [io  0x01f0-0x01f7]
[    3.660263] pci 0000:00:01.1: legacy IDE quirk: reg 0x14: [io  0x03f6]
[    3.687634] pci 0000:00:01.1: legacy IDE quirk: reg 0x18: [io  0x0170-0x0177]
[    3.705245] pci 0000:00:01.1: legacy IDE quirk: reg 0x1c: [io  0x0376]
[    3.763462] ACPI: PCI Interrupt Link [LNKA] (IRQs 5 9 10 11) *0, disabled.
[    3.786244] ACPI: PCI Interrupt Link [LNKB] (IRQs 5 9 10 *11)
[    3.822390] ACPI: PCI Interrupt Link [LNKC] (IRQs 5 9 *10 11)
[    3.832088] ACPI: PCI Interrupt Link [LNKD] (IRQs 5 *9 10 11)
[    3.834603] ACPI: Enabled 2 GPEs in block 00 to 07
[    3.847731] vgaarb: setting as boot device: PCI:0000:00:02.0
[    3.851934] vgaarb: device added: PCI:0000:00:02.0,decodes=io+mem,owns=io+mem,locks=none
[    3.859845] vgaarb: loaded
[    3.861530] vgaarb: bridge control possible 0000:00:02.0
[    3.868079] SCSI subsystem initialized
[    3.870085] ACPI: bus type USB registered
[    3.877301] usbcore: registered new interface driver usbfs
[    3.878248] usbcore: registered new interface driver hub
[    3.879226] usbcore: registered new device driver usb
[    3.888050] PCI: Using ACPI for IRQ routing
[    3.895491] NetLabel: Initializing
[    3.901047] NetLabel:  domain hash size = 128
[    3.907148] NetLabel:  protocols = UNLABELED CIPSOv4
[    3.908049] NetLabel:  unlabeled traffic allowed by default
[    3.918330] clocksource: Switched to clocksource kvm-clock
[    3.932487] AppArmor: AppArmor Filesystem Enabled
[   .953 p: P CPin
   42785pn P AI:ou 3 devices
[    4.665538] clocksource: acpi_pm: mask: 0xffffff max_cycles: 0xffffff, max_idle_ns: 2085701024 ns
[    4.737254] NET: Registered protocol family 2
[    4.738267] TCP established hash table entries: 8192 (order: 4, 65536 bytes)
[    4.747223] TCP bind hash table entries: 8192 (order: 5, 131072 bytes)
[    4.756560] TCP: Hash tables configured (established 8192 bind 8192)
[    4.757643] UDP hash table entries: 512 (order: 2, 16384 bytes)
[    4.758643] UDP-Lite hash table entries: 512 (order: 2, 16384 bytes)
[    4.759866] NET: Registered protocol family 1
[    4.760685] pci 0000:00:00.0: Limiting direct PCI/PCI transfers
[    4.761695] pci 0000:00:01.0: Activating ISA DMA hang workarounds
[    4.763559] Trying to unpack rootfs image as initramfs...
[    6.086397] Freeing initrd memory: 7296K (ffff8800371b0000 - ffff8800378d0000)
[    6.106998] RAPL PMU detected, API unit is 2^-32 Joules, 4 fixed counters 10737418240 ms ovfl timer
[    6.127516] hw unit of domain pp0-core 2^-0 Joules
[    6.128644] hw unit of domain package 2^-0 Joules
[    6.129763] hw unit of domain dram 2^-0 Joules
[    6.246187] hw unit of domain pp1-gpu 2^-0 Joules
[    6.366309] platform rtc_cmos: registered platform RTC device (no PNP device found)
[    6.486626] Scanning for low memory corruption every 60 seconds
[    6.733839] futex hash table entries: 512 (order: 3, 32768 bytes)
[    6.746778] audit: initializing netlink subsys (disabled)
[    6.756666] audit: type=2000 audit(1463517588.645:1): initialized
[    6.757977] Initialise system trusted keyring
[    6.804012] HugeTLB registered 2 MB page size, pre-allocated 0 pages
[    6.818153] zbud: loaded
[    6.858461] VFS: Disk quotas dquot_6.6.0
[    6.956221] VFS: Dquot-cache hash table entries: 512 (order 0, 4096 bytes)
[    7.077056] fuse init (API version 7.23)
[    7.096519] Key type big_key registered
[    7.106343] Allocating IMA MOK and blacklist keyrings.
[    7.169906] Key type asymmetric registered
[    7.171022] Asymmetric key parser 'x509' registered
[    7.172244] Block layer SCSI generic (bsg) driver version 0.4 loaded (major 249)
[    7.174206] io scheduler noop registered
[    7.175277] io scheduler deadline registered (default)
[    7.178448] io scheduler cfq registered
[    7.179620] pci_hotplug: PCI Hot Plug PCI Core version: 0.5
[    7.198123] pciehp: PCI Express Hot Plug Controller Driver version: 0.4
[    7.199811] ACPI: AC Adapter [AC] (on-line)
[    7.200925] input: Power Button as /devices/LNXSYSTM:00/LNXPWRBN:00/input/input0
[    7.216871] ACPI: Power Button [PWRF]
[    7.219567] input: Sleep Button as /devices/LNXSYSTM:00/LNXSLPBN:00/input/input1
[    7.221410] ACPI: Sleep Button [SLPF]
[    7.286650] GHES: HEST is not enabled!
[    7.287268] ACPI: Battery Slot [BAT0] (battery present)
[    7.298067] Serial: 8250/16550 driver, 32 ports, IRQ sharing enabled
[    7.329146] 00:02: ttyS0 at I/O 0x3f8 (irq = 4, base_baud = 115200) is a 16550A
[    7.566872] tsc: Refined TSC clocksource calibration: 2393.961 MHz
[    7.606272] clocksource: tsc: mask: 0xffffffffffffffff max_cycles: 0x2281eea5c28, max_idle_ns: 440795267067 ns
[    7.707626] Linux agpgart interface v0.103
[    7.799519] brd: module loaded
[    7.916569] loop: module loaded
[    8.034297] scsi host0: ata_piix
[    8.126379] scsi host1: ata_piix
[    8.296173] ata1: PATA max UDMA/33 cmd 0x1f0 ctl 0x3f6 bmdma 0xd000 irq 14
[    8.606630] ata2: PATA max UDMA/33 cmd 0x170 ctl 0x376 bmdma 0xd008 irq 15
[    8.707822] libphy: Fixed MDIO Bus: probed
[    8.746385] tun: Universal TUN/TAP device driver, 1.6
[    8.939494] tun: (C) 1999-2004 Max Krasnyansky <maxk@qualcomm.com>
[    8.996248] PPP generic driver version 2.4.2
[    9.096416] ehci_hcd: USB 2.0 'Enhanced' Host Controller (EHCI) Driver
[    9.116814] ehci-pci: EHCI PCI platform driver
[    9.117659] ehci-platform: EHCI generic platform driver
[    9.137320] ohci_hcd: USB 1.1 'Open' Host Controller (OHCI) Driver
[    9.139046] ohci-pci: OHCI PCI platform driver
[    9.141262] ohci-platform: OHCI generic platform driver
[    9.176281] uhci_hcd: USB Universal Host Controller Interface driver
[    9.177411] i8042: PNP: PS/2 Controller [PNP0303:PS2K,PNP0f03:PS2M] at 0x60,0x64 irq 1,12
[    9.179442] serio: i8042 KBD port at 0x60,0x64 irq 1
[    9.197224] serio: i8042 AUX port at 0x60,0x64 irq 12
[    9.198910] mousedev: PS/2 mouse device common for all mice
[    9.200303] rtc_cmos rtc_cmos: rtc core: registered rtc_cmos as rtc0
[    9.216766] rtc_cmos rtc_cmos: alarms up to one day, 114 bytes nvram
[    9.217850] i2c /dev entries driver
[    9.218594] input: AT Translated Set 2 keyboard as /devices/platform/i8042/serio0/input/input2
[    9.257911] device-mapper: uevent: version 1.0.3
[    9.296360] device-mapper: ioctl: 4.34.0-ioctl (2015-10-28) initialised: dm-devel@redhat.com
[    9.299231] ledtrig-cpu: registered to indicate activity on CPUs
[    9.336976] NET: Registered protocol family 10
[    9.378636] NET: Registered protocol family 17
[    9.416314] Key type dns_resolver registered
[    9.417320] microcode: CPU0 sig=0x306d4, pf=0x40, revision=0x0
[    9.418660] microcode: CPU1 sig=0x306d4, pf=0x40, revision=0x0
[    9.419697] microcode: Microcode Update Driver: v2.01 <tigran@aivazian.fsnet.co.uk>, Peter Oruba
[    9.421370] registered taskstats version 1
[    9.422151] Loading compiled-in X.509 certificates
[    9.423711] Loaded X.509 cert 'Build time autogenerated kernel key: 10281ca0c0463cd0680138fff55319c9bd7d63b8'
[    9.427365] zswap: loaded using pool lzo/zbud
[    9.430358] Key type trusted registered
[    9.479749] Key type encrypted registered
[    9.490277] AppArmor: AppArmor sha1 policy hashing enabled
[    9.506207] ima: No TPM chip found, activating TPM-bypass!
[    9.507226] evm: HMAC attrs: 0x1
[    9.508179]   Magic number: 0:526:700
[    9.509020] rtc_cmos rtc_cmos: setting system clock to 2016-05-17 20:39:49 UTC (1463517589)
[    9.576710] BIOS EDD facility v0.16 2004-Jun-25, 0 devices found
[    9.746411] EDD information not available.
[    9.779043] Freeing unused kernel memory: 1480K (ffffffff81f41000 - ffffffff820b3000)
[    9.797613] Write protecting the kernel read-only data: 14336k
[    9.799840] Freeing unused kernel memory: 1868K (ffff88000182d000 - ffff880001a00000)
[    9.838067] Freeing unused kernel memory: 176K (ffff880001dd4000 - ffff880001e00000)
Loading, please wait...
[    9.857682] random: systemd-udevd urandom read with 3 bits of entropy available
starting version 229
[    9.934839] e1000: Intel(R) PRO/1000 Network Driver - version 7.3.21-k8-NAPI
[    9.951028] e1000: Copyright (c) 1999-2006 Intel Corporation.
[    9.953104] Fusion MPT base driver 3.04.20
[    9.955236] Copyright (c) 1999-2008 LSI Corporation
[    9.977120] Fusion MPT SPI Host driver 3.04.20
[   10.025968] AVX version of gcm_enc/dec engaged.
[   10.041218] AES CTR mode by8 optimization enabled
[   10.251675] input: ImExPS/2 Generic Explorer Mouse as /devices/platform/i8042/serio1/input/input4
[   10.350446] e1000 0000:00:03.0 eth0: (PCI:33MHz:32-bit) 02:40:05:c5:17:35
[   10.405249] e1000 0000:00:03.0 eth0: Intel(R) PRO/1000 Network Connection
[   10.410675] mptbase: ioc0: Initiating bringup
[   10.411306] e1000 0000:00:03.0 enp0s3: renamed from eth0
[   10.750643] ioc0: LSI53C1030 A0: Capabilities={Initiator}
[   11.666477] scsi host2: ioc0: LSI53C1030 A0, FwRev=00000000h, Ports=1, MaxQ=256, IRQ=20
[   12.285030] scsi 2:0:0:0: Direct-Access     VBOX     HARDDISK         1.0  PQ: 0 ANSI: 5
[   12.304950] scsi target2:0:0: Beginning Domain Validation
[   12.322993] scsi target2:0:0: Domain Validation skipping write tests
[   12.328635] scsi target2:0:0: Ending Domain Validation
[   12.581112] scsi target2:0:0: asynchronous
[   12.696992] scsi 2:0:1:0: Direct-Access     VBOX     HARDDISK         1.0  PQ: 0 ANSI: 5
[   12.709374] scsi target2:0:1: Beginning Domain Validation
[   13.677570] floppy0: no floppy controllers found
[   13.708514] scsi target2:0:1: Domain Validation skipping write tests
[   13.727859] scsi target2:0:1: Ending Domain Validation
[   13.731065] scsi target2:0:1: asynchronous
[   13.749784] sd 2:0:0:0: Attached scsi generic sg0 type 0
[   13.795712] sd 2:0:0:0: [sda] 20971520 512-byte logical blocks: (10.7 GB/10.0 GiB)
[   13.806352] sd 2:0:1:0: [sdb] 20480 512-byte logical blocks: (10.5 MB/10.0 MiB)
[   13.806600] sd 2:0:1:0: [sdb] Write Protect is off
[   13.806704] sd 2:0:1:0: [sdb] Incomplete mode parameter data
[   13.806705] sd 2:0:1:0: [sdb] Assuming drive cache: write through
[   13.807350] sd 2:0:1:0: Attached scsi generic sg1 type 0
[   13.829317] sd 2:0:1:0: [sdb] Attached SCSI disk
[   14.317908] sd 2:0:0:0: [sda] Write Protect is off
[   14.318904] sd 2:0:0:0: [sda] Incomplete mode parameter data
[   14.319852] sd 2:0:0:0: [sda] Assuming drive cache: write through
[   14.338120]  sda: sda1
[   14.366822] sd 2:0:0:0: [sda] Attached SCSI disk
Begin: Loading e[   16.047419] md: linear personality registered for level -1
ssential drivers ... [   16.071434] md: multipath personality registered for level -4
[   16.090096] md: raid0 personality registered for level 0
[   16.104779] md: raid1 personality registered for level 1
[   16.194271] raid6: sse2x1   gen()  8767 MB/s
[   16.274263] raid6: sse2x1   xor()  6261 MB/s
[   16.363388] raid6: sse2x2   gen() 11406 MB/s
[   16.490261] raid6: sse2x2   xor()  7564 MB/s
[   16.602278] raid6: sse2x4   gen() 12936 MB/s
[   16.722282] raid6: sse2x4   xor()  8323 MB/s
[   16.742754] raid6: using algorithm sse2x4 gen() 12936 MB/s
[   16.780187] raid6: .... xor() 8323 MB/s, rmw enabled
[   16.790874] raid6: using ssse3x2 recovery algorithm
[   16.832448] xor: automatically using best checksumming function:
[   16.894547]    avx       : 21411.000 MB/sec
[   16.914638] async_tx: api initialized (async)
[   16.926179] md: raid6 personality registered for level 6
[   16.951470] md: raid5 personality registered for level 5
[   16.952384] md: raid4 personality registered for level 4
[   16.964950] md: raid10 personality registered for level 10
done.
Begin: Running /scripts/init-premount ... done.
Begin: Mounting root file system ... Begin: Running /scripts/local-top ... done.
Begin: Running /scripts/local-premount ... [   17.026445] Btrfs loaded
Scanning for Btrfs filesystems
done.
Warning: fsck not present, so skipping root file system
[   17.111866] EXT4-fs (sda1): mounted filesystem with ordered data mode. Opts: (null)
done.
Begin: Running /scripts/local-bottom ... done.
Begin: Running /scripts/init-bottom ... Warning: overlayroot: debug is busted
done.
[   17.836146] systemd[1]: systemd 229 running in system mode. (+PAM +AUDIT +SELINUX +IMA +APPARMOR +SMACK +SYSVINIT +UTMP +LIBCRYPTSETUP +GCRYPT +GNUTLS +ACL +XZ -LZ4 +SECCOMP +BLKID +ELFUTILS +KMOD -IDN)
[   17.940262] systemd[1]: Detected virtualization oracle.
[   17.943167] systemd[1]: Detected architecture x86-64.
[   17.986173] random: nonblocking pool is initialized

Welcome to [1mUbuntu 16.04 LTS[0m!

[   18.106913] systemd[1]: Set hostname to <ubuntu>.
[   18.128266] systemd[1]: Initializing machine ID from random generator.
[   18.177047] systemd[1]: Installed transient /etc/machine-id file.
[   18.844521] systemd[1]: Reached target Encrypted Volumes.
[[0;32m  OK  [0m] Reached target Encrypted Volumes.
[   18.872271] systemd[1]: Created slice System Slice.
[[0;32m  OK  [0m] Created slice System Slice.
[   18.874473] systemd[1]: Reached target Swap.
[[0;32m  OK  [0m] Reached target Swap.
[   18.928422] systemd[1]: Listening on udev Kernel Socket.
[[0;32m  OK  [0m] Listening on udev Kernel Socket.
[   18.933572] systemd[1]: Listening on /dev/initctl Compatibility Named Pipe.
[[0;32m  OK  [0m] Listening on /dev/initctl Compatibility Named Pipe.
[   18.960998] systemd[1]: Listening on Journal Socket (/dev/log).
[[0;32m  OK  [0m] Listening on Journal Socket (/dev/log).
[   18.969150] systemd[1]: Created slice system-serial\x2dgetty.slice.
[[0;32m  OK  [0m] Created slice system-serial\x2dgetty.slice.
[   18.973018] systemd[1]: Listening on Device-mapper event daemon FIFOs.
[[0;32m  OK  [0m] Listening on Device-mapper event daemon FIFOs.
[   18.976299] systemd[1]: Listening on LVM2 metadata daemon socket.
[[0;32m  OK  [0m] Listening on LVM2 metadata daemon socket.
[   18.978394] systemd[1]: Started Forward Password Requests to Wall Directory Watch.
[[0;32m  OK  [0m] Started Forward Password Requests to Wall Directory Watch.
[   19.026423] systemd[1]: Reached target User and Group Name Lookups.
[[0;32m  OK  [0m] Reached target User and Group Name Lookups.
[   19.165249] systemd[1]: Listening on Journal Audit Socket.
[[0;32m  OK  [0m] Listening on Journal Audit Socket.
[   19.177970] systemd[1]: Set up automount Arbitrary Executable File Formats File System Automount Point.
[[0;32m  OK  [0m] Set up automount Arbitrary Executab...ats File System Automount Point.
[   19.202347] systemd[1]: Created slice system-getty.slice.
[[0;32m  OK  [0m] Created slice system-getty.slice.
[   19.204827] systemd[1]: Listening on Journal Socket.
[[0;32m  OK  [0m] Listening on Journal Socket.
[   19.222472] systemd[1]: Starting Uncomplicated firewall...
         Starting Uncomplicated firewall...
[   19.238448] systemd[1]: Starting Nameserver information manager...
         Starting Nameserver information manager...
[   19.294206] systemd[1]: Starting Create list of required static device nodes for the current kernel...
         Starting Create list of required st... nodes for the current kernel...
[   19.484732] systemd[1]: Starting Remount Root and Kernel File Systems...
         Starting Remount Root and Kernel File Systems...
[   19.578384] systemd[1]: Mounting Debug File System...
[   19.631944] EXT4-fs (sda1): re-mounted. Opts: (null)
         Mounting Debug File System...
[   19.878418] systemd[1]: Mounting POSIX Message Queue File System...
         Mounting POSIX Message Queue File System...
[   19.892827] systemd[1]: Starting Monitoring of LVM2 mirrors, snapshots etc. using dmeventd or progress polling...
         Starting Monitoring of LVM2 mirrors... dmeventd or progress polling...
[   19.904956] systemd[1]: Listening on Syslog Socket.
[[0;32m  OK  [0m] Listening on Syslog Socket.
[   19.918188] systemd[1]: Starting Journal Service...
         Starting Journal Service...
[   19.943218] systemd[1]: Mounting Huge Pages File System...
         Mounting Huge Pages File System...
[   19.963519] systemd[1]: Listening on udev Control Socket.
[[0;32m  OK  [0m] Listening on udev Control Socket.
[   19.967834] systemd[1]: Created slice User and Session Slice.
[[0;32m  OK  [0m] Created slice User and Session Slice.
[   19.985919] systemd[1]: Reached target Slices.
[[0;32m  OK  [0m] Reached target Slices.
[   20.086569] systemd[1]: Starting Load Kernel Modules...
         Starting Load Kernel Modules...
[   20.109064] systemd[1]: Listening on LVM2 poll daemon socket.
[[0;32m  OK  [0m] Listening on LVM2 poll daemon socket.
[   20.143308] systemd[1]: Mounted Debug File System.
[[0;32m  OK  [0m] Mounted Debug Fi[   20.178908] Loading iSCSI transport class v2.0-870.
le System.
[   20.376035] systemd[1]: Mounted POSIX Message Queue File System.
[[0;32m  OK  [0m] Mounted POSIX[   20.391733] iscsi: registered transport (tcp)
 Message Queue File System.
[   20.487963] systemd[1]: Mounted Huge Pages File System.
[[0;32m  OK  [0m] Mounted Huge Pages File System.
[   20.505679] systemd[1]: Started Journal Service.
[[0;32m  OK  [0m] Started Journal Service.
[[0;32m  OK  [0m] Started Uncomplicated firewall.
[[0;32m  OK  [0m] Started Create list of required sta...ce nodes for the current kernel.
[[0;32m  OK  [0m] Started Remount Root and Kernel File Systems.
[[0;32m  OK  [0m] Started Nameserver information manager.
[[0;32m  OK  [0m] Started LVM2 metadata daemon.
         Starting Load/Save Rand[   20.747778] iscsi: registered transport (iser)
om Seed...
         Starting udev Coldplug all Devices...
         Starting Create Static Device Nodes in /dev...
         Starting Flush Journal to Persistent Storage...
[[0;32m  OK  [0m] Started Load Kernel Modules.
[[0;32m  OK  [0m] Started Load/Save Random Seed.
         Mounting FUSE Control File System...
         Starting Apply Kernel Variables...
[[0;32m  OK  [0m] Mounted FUSE Control File System.
[   20.930144] systemd-journald[423]: Received request to flush runtime journal from PID 1
[[0;32m  OK  [0m] Started udev Coldplug all Devices.
[[0;32m  OK  [0m] Started Flush Journal to Persistent Storage.
[[0;32m  OK  [0m] Started Apply Kernel Variables.
[[0;32m  OK  [0m] Started Create Static Device Nodes in /dev.
         Starting udev Kernel Device Manager...
[[0;32m  OK  [0m] Started udev Kernel Device Manager.
[[0;32m  OK  [0m] Started Monitoring of LVM2 mirrors,...ng dmeventd or progress polling.
[[0;32m  OK  [0m] Started Dispatch Password Requests to Console Directory Watch.
[[0;32m  OK  [0m] Reached target Local File Systems (Pre).
[[0;32m  OK  [0m] Reached target Local File Systems.
         Starting Initial cloud-init job (pre-networking)...
         Starting Tell Plymouth To Write Out Runtime Data...
         Starting Commit a transient machine-id on disk...
         Starting LSB: AppArmor initialization...
         Starting Set console keymap...
         Starting Create Volatile Files and Directories...
[[0;32m  OK  [0m] Started Tell Plymouth To Write Out Runtime Data.
[[0;32m  OK  [0m] Started Commit a transient machine-id on disk.
[[0;32m  OK  [0m] Found device /dev/ttyS0.
[[0;32m  OK  [0m] Started Create Volatile Files and Directories.
[[0;32m  OK  [0m] Started Set console keymap.
[[0;32m  OK  [0m] Listening on Load/Save RF Kill Switch Status /dev/rfkill Watch.
         Starting Update UTMP about System Boot/Shutdown...
         Starting Network Time Synchronization...
[[0;32m  OK  [0m] Started Network Time Synchronization.
[[0;32m  OK  [0m] Reached target System Time Synchronized.
[[0;32m  OK  [0m] Started Update UTMP about System Boot/Shutdown.
[[0;32m  OK  [0m] Started LSB: AppArmor initialization.
[[0;32m  OK  [0m] Reached target System Initialization.
         Starting LXD - unix socket.
[[0;32m  OK  [0m] Listening on D-Bus System Message Bus Socket.
         Starting Socket activation for snappy daemon.
[[0;32m  OK  [0m] Listening on ACPID Listen Socket.
[[0;32m  OK  [0m] Started Trigger resolvconf update for networkd DNS.
[[0;32m  OK  [0m] Started Daily Cleanup of Temporary Directories.
[[0;32m  OK  [0m] Listening on UUID daemon activation socket.
[[0;32m  OK  [0m] Started ACPI Events Check.
[[0;32m  OK  [0m] Reached target Paths.
[[0;32m  OK  [0m] Started Daily apt activities.
[[0;32m  OK  [0m] Reached target Timers.
         Starting Seed the pseudo random number generator on first boot...
[[0;32m  OK  [0m] Listening on LXD - unix socket.
[[0;32m  OK  [0m] Listening on Socket activation for snappy daemon.
[[0;32m  OK  [0m] Reached target Sockets.
[[0;32m  OK  [0m] Reached target Basic System.
[[0;32m  OK  [0m] Started D-Bus System Message Bus.
[[0;32m  OK  [0m] Started Deferred execution scheduler.
[[0;32m  OK  [0m] Started Regular background program processing daemon.
         Starting Accounts Service...
         Starting LXD - container startup/shutdown...
[[0;32m  OK  [0m] Started ACPI event daemon.
         Starting LSB: Record successful boot for GRUB...
         Starting Login Service...
         Starting LSB: MD monitoring daemon...
[[0;32m  OK  [0m] Started FUSE filesystem for LXC.
         Starting System Logging Service...
[[0;32m  OK  [0m] Started Login Service.
[[0;32m  OK  [0m] Started LSB: Record successful boot for GRUB.
[[0;32m  OK  [0m] Started LSB: MD monitoring daemon.
[[0;32m  OK  [0m] Started System Logging Service.
         Starting Authenticate and Authorize Users to Run Privileged Tasks...
[[0;32m  OK  [0m] Started Authenticate and Authorize Users to Run Privileged Tasks.
[[0;32m  OK  [0m] Started Accounts Service.
[[0;32m  OK  [0m] Started LXD - container startup/shutdown.
[[0;32m  OK  [0m] Started Seed the pseudo random number generator on first boot.
[   26.572415] cloud-init[501]: Cloud-init v. 0.7.7 running 'init-local' at Tue, 17 May 2016 20:40:09 +0000. Up 26.00 seconds.
[[0;32m  OK  [0m] Started Initial cloud-init job (pre-networking).
[[0;32m  OK  [0m] Reached target Network (Pre).
         Starting Raise network interfaces...
[[0;32m  OK  [0m] Started ifup for enp0s3.
[[0;32m  OK  [0m] Found device 82540EM Gigabit Ethern...r (PRO/1000 MT Desktop Adapter).
[[0;32m  OK  [0m] Started Raise network interfaces.
[[0;32m  OK  [0m] Reached target Network.
         Starting Initial cloud-init job (metadata service crawler)...
[   28.734693] cloud-init[1010]: Cloud-init v. 0.7.7 running 'init' at Tue, 17 May 2016 20:40:11 +0000. Up 27.59 seconds.
[   28.764817] cloud-init[1010]: ci-info: +++++++++++++++++++++++++++++++++++++Net device info+++++++++++++++++++++++++++++++++++++
[   28.795220] cloud-init[1010]: ci-info: +--------+------+---------------------------+---------------+-------+-------------------+
[[0;32m  OK  [0m] Started Initial cloud-init job (metadata service crawler).
[   28.795749] cloud-init[1010]: ci-info: | Device |  Up  |          Address          |      Mask     | Scope |     Hw-Address    |
[   28.814397] [cloud-init[0;32m  OK  [0m[1010]: ] ci-info: +--------+------+---------------------------+---------------+-------+-------------------+Reached target Cloud-config availability.

[[0;32m  OK  [0m] Reached target Network is Online.
[   28.814892] cloud-init[1010]: ci-info: |   lo   | True |         127.0.0.1         |   255.0.0.0   |   .   |         .         |
[   28.839926] cloud-init[1010]: ci-info: |   lo   | True |          ::1/128          |       .       |  host |         .         |
[   28.844380] cloud-init[1010]: ci-info: | enp0s3 | True |         10.0.2.15         | 255.255.255.0 |   .   | 02:40:05:c5:17:35 |
[   28.860792] cloud-init[1010]: ci-info: | enp0s3 | True | fe80::40:5ff:fec5:1735/64 |       .       |  link | 02:40:05:c5:17:35 |
[   28.884700]          cloud-initStarting iSCSI initiator daemon (iscsid)...[1010]: 
ci-info: +--------+------+---------------------------+---------------+-------+-------------------+
[   28.895639] cloud-init[1010]: ci-info: +++++++++++++++++++++++++++Route IPv4 info++++++++++++++++++++++++++++
         Starting Apply the settings specified in cloud-config...
[   29.104296] cloud-init[1010]: ci-info: +-------+-------------+----------+---------------+-----------+-------+
[   29.116367] cloud-init[1010]: ci-info: | Route | Destination | Gateway  |    Genmask    | Interface | Flags |
[   29.164998]          cloud-initStarting /etc/rc.local Compatibility...[1010]: 
ci-info: +-------+-------------+----------+---------------+-----------+-------+
[   29.169572] cloud-init[1010]: ci-info: |   0   |   0.0.0.0   | 10.0.2.2 |    0.0.0.0    |   enp0s3  |   UG  |
[   29.233860]          cloud-initStarting OpenBSD Secure Shell server...[1010]: 
ci-info: |   1   |   10.0.2.0  | 0.0.0.0  | 255.255.255.0 |   enp0s3  |   U   |
[   29.238854] cloud-init[1010]: ci-info: +-------+-------------+----------+---------------+-----------+-------+[[0;32m  OK  [0m] Started /etc/rc.local Compatibility.
[[0;32m  OK  [0m] Started OpenBSD Secure Shell server.

[   29.258295] cloud-init[1010]: Generating public/private rsa key pair.
[   29.261158] cloud-init[1010]: Your identification has been saved in /etc/ssh/ssh_host_rsa_key.
[   29.268837] cloud-init[1010]: Your public key has been saved in /etc/ssh/ssh_host_rsa_key.pub.
[   29.272919] cloud-init[1010]: The key fingerprint is:
[   29.276139] cloud-init[1010]: SHA256:EiijdKOCv+xbOxquW9S2V9AbBz8/cMQA2EEWxNi55z0 root@ubuntu-xenial
[[0;32m  OK  [0m] Started iSCSI initiator daemon (iscsid).
[   29.294002] cloud-init[1010]: The key's randomart image is:
[   29.324922]          cloud-initStarting Login to default iSCSI targets...[1010]: 
+---[RSA 2048]----+
[   29.350010] cloud-init[1010]: |       OO=.o.    |
[   29.351981] cloud-init[1010]: |     .oo=o ..    |
[   29.369570] cloud-init[1010]: | .oo. o o.= .    |
[   29.371091] cloud-init[1010]: |o.o+.  o.+.=     |
[   29.372715] cloud-init[1010]: |+.. o . So .o    |
[   29.374217] cloud-init[1010]: |.o . . o  . E.   |
[   29.375799] cloud-init[1010]: |  + o .      .   |
[   29.392395] [cloud-init[0;32m  OK  [0m[1010]: ] | + +.o           |Started Login to default iSCSI targets.

[   29.393027] cloud-init[1010]: |o+Bo..           |
[   29.441371] [cloud-init[0;32m  OK  [0m[1010]: ] +----[SHA256]-----+Reached target Remote File Systems (Pre).

[   29.441923] [cloud-init[0;32m  OK  [0m[1010]: ] Generating public/private dsa key pair.Reached target Remote File Systems.

         Starting LSB: daemon to balance interrupts for SMP systems...
[   29.486224] cloud-init[1010]: Your identification has been saved in /etc/ssh/ssh_host_dsa_key.
         Starting LSB: Set the CPU Frequency Scaling governor to "ondemand"...
[   29.533181] cloud-init[1010]: Your public key has been saved in /etc/ssh/ssh_host_dsa_key.pub.
         Starting LSB: automatic crash report generation...
[   29.655858] cloud-init[1010]: The key fingerprint is:
         Starting Permit User Sessions...
[   29.725617] cloud-init[1010]: SHA256:82tivZn1hzrAWcQLjN+PttSEDEE4maOzaofhu+/s2d8 root@ubuntu-xenial
[   29.743793] cloud-init[1010]: The key's randomart image is:
[   29.745379] cloud-init[1010]: +---[DSA 1024]----+
[   29.758857] cloud-init[1010]: |         Boo     |
[   29.805646] [cloud-init[0;32m  OK  [0m[1010]: ] |        B + o    |Started Permit User Sessions.

[   29.806021] cloud-init[1010]: |       . + * o   |
[   29.856254] cloud-init[1010]: |      o   . * .  |
[[0;32m  OK  [0m] Started LSB: Set the CPU Frequency Scaling governor to "ondemand".
[   29.856573] cloud-init[1010]: |       oS. o =   |
[   29.943541] cloud-init[1010]: |    . .  o+ + o  |
[   29.943975] cloud-init[1010]: |   . +   ..+.. . |
[[0;32m  OK  [0m] Started LSB: automatic crash report generation.
[   29.944275] cloud-init[1010]: |    =..oo o*o.. .|
[   30.077802] cloud-init[1010]: |   .oB*..+*.Eo.. |
[   30.096356] cloud-init[1010]: +----[SHA256]-----+
[   30.096686] cloud-init[1010]: Generating public/private ecdsa key pair.
[   30.096757] cloud-init[1010]: Your identification has been saved in /etc/ssh/ssh_host_ecdsa_key.
[[0;32m  OK  [0m] Started LSB: daemon to balance interrupts for SMP systems.
[   30.096983] cloud-init[1010]: Your public key has been saved in /etc/ssh/ssh_host_ecdsa_key.pub.
[   30.375453] cloud-init[1010]: The key fingerprint is:
[   30.404352] cloud-init[1010]: SHA256:ycE9j31cowxqFxE3Mep2KpG/BpeW4QZuBWdETRv0ZGw root@ubuntu-xenial
[   30.404587] cloud-init[1010]: The key's randomart image is:
         Starting Hold until boot process finishes up...
[   30.404696] cloud-init[1010]: +---[ECDSA 256]---+
[   30.464140] cloud-init[1010]: |          o==Ooo |
[   30.488326] cloud-init[1010]: |       . o o+.OE |
         Starting Terminate Plymouth Boot Screen...
[   30.488992] cloud-init[1010]: |        o *+ ..o.|
[   30.520047] cloud-init[1010]: |       . ++B+....|
[   30.522892] cloud-init[1010]: |        S==+*+o  |
[[0;32m  OK  [0m] Started Hold until boot process finishes up.
[   30.523231] cloud-init[1010]: |        .+=Bo.   |
[   30.551538] cloud-init[1010]: |        ..=o     |
[   30.551810] cloud-init[1010]: |          ...    |
[[0;32m  OK  [0m] Started Terminate Plymouth Boot Screen.
[   30.551939] cloud-init[1010]: |          ..     |
[   30.592721] cloud-init[1010]: +----[SHA256]-----+
[   30.594961] cloud-init[1010]: Generating public/private ed25519 key pair.
[   30.632551] cloud-init[1010]: Your identification has been saved in /etc/ssh/ssh_host_ed25519_key.
[   30.632834] cloud-init[1010]: Your public key has been saved in /etc/ssh/ssh_host_ed25519_key.pub.
[[0;32m  OK  [0m] Started Getty on tty1.
[   30.632976] cloud-init[1010]: The key fingerprint is:
[   30.644301] cloud-init[1010]: SHA256:xSEioEQa228YzXAiGtzgcWdbzJC0Rg7aKrC53JtLAhw root@ubuntu-xenial
[   30.657544] cloud-init[1010]: The key's randomart image is:
[   30.659173] cloud-init[1010]: +--[ED25519 256]--+
[   30.660798] [cloud-init[0;32m  OK  [0m[1010]: ] |*=*++**.. .      |Started Serial Getty on ttyS0.

[[0;32m  OK  [0m] Reached target Login Prompts.
[   30.661399] cloud-init[1010]: |=O=B*o++ o .     |
[   30.734995] cloud-init[1010]: |*Eo.o=    o      |
[   30.752856] cloud-init[1010]: |ooo+.    .       |
[   30.776510] cloud-init[1010]: |=o. o   S        |
[   30.799727] cloud-init[1010]: |+...             |
[   30.803702] cloud-init[1010]: |.o o             |
[   30.810275] cloud-init[1010]: |  o o            |
[   30.828893] cloud-init[1010]: |   +.            |
[   30.861995] cloud-init[1010]: +----[SHA256]-----+
         Stopping OpenBSD Secure Shell server...
[   30.874292] cloud-init[1104]: Generating locales (this might take a while)...
[[0;32m  OK  [0m] Stopped OpenBSD Secure Shell server.
[   30.911311] cloud-init[1104]:   en_US.UTF-8... done
         Starting OpenBSD Secure Shell server...
[   30.924889] cloud-init[1104]: Generation complete.
[[0;32m  OK  [0m] Started OpenBSD Secure Shell server.
[   31.858691] cloud-init[1104]: Cloud-init v. 0.7.7 running 'modules:config' at Tue, 17 May 2016 20:40:12 +0000. Up 29.20 seconds.
[[0;32m  OK  [0m] Started Apply the settings specified in cloud-config.
         Starting Execute cloud user/final scripts...
[[0;32m  OK  [0m] Created slice User Slice of ubuntu.
         Starting User Manager for UID 1000...
[[0;32m  OK  [0m] Started Session 1 of user ubuntu.
[[0;32m  OK  [0m] Started User Manager for UID 1000.
ci-info: no authorized ssh keys fingerprints found for user ubuntu.
<14>May 17 20:40:16 ec2: 
<14>May 17 20:40:16 ec2: #############################################################
<14>May 17 20:40:16 ec2: -----BEGIN SSH HOST KEY FINGERPRINTS-----
<14>May 17 20:40:16 ec2: 1024 SHA256:82tivZn1hzrAWcQLjN+PttSEDEE4maOzaofhu+/s2d8 root@ubuntu-xenial (DSA)
<14>May 17 20:40:16 ec2: 256 SHA256:ycE9j31cowxqFxE3Mep2KpG/BpeW4QZuBWdETRv0ZGw root@ubuntu-xenial (ECDSA)
<14>May 17 20:40:16 ec2: 256 SHA256:xSEioEQa228YzXAiGtzgcWdbzJC0Rg7aKrC53JtLAhw root@ubuntu-xenial (ED25519)
<14>May 17 20:40:16 ec2: 2048 SHA256:EiijdKOCv+xbOxquW9S2V9AbBz8/cMQA2EEWxNi55z0 root@ubuntu-xenial (RSA)
<14>May 17 20:40:16 ec2: -----END SSH HOST KEY FINGERPRINTS-----
<14>May 17 20:40:16 ec2: #############################################################
-----BEGIN SSH HOST KEY KEYS-----
ecdsa-sha2-nistp256 AAAAE2VjZHNhLXNoYTItbmlzdHAyNTYAAAAIbmlzdHAyNTYAAABBBA+JWEDITRxXDkygH1gTQd0RDtcfY3jJPEtnqWTFoc4a+JDhftuSWTkuNvKqzWKSKTyQj8UaANIij7SinBvkb4U= root@ubuntu-xenial
ssh-ed25519 AAAAC3NzaC1lZDI1NTE5AAAAIA9nUmwDjRMbkn5twBmJT1wOSm/85PeOXUOfTSapAl92 root@ubuntu-xenial
ssh-rsa AAAAB3NzaC1yc2EAAAADAQABAAABAQDGTYQXqLXIIfsAVnl1chPw7RzApr3K93mTk4IURcdaYhjesDPB6NBgGwIRqL/8SqZMY61hlMbfES4rXldXn1+qYlgnwIYo8UOLJ8lLIJysMhIqC6F+ZmOou75UPPlAxG1Hny+GI1mORjLjsEA108v+MNySPMkUVzdwS/IrHdtwnWqzei/OXmaHTh7eTJ0uvP5FAvLypUG8cySl9vnM4hFyGHgsAAdcn0sBMZT7Mw+dMNMIgzqz5xmFIbTr2pSzmszuBFq9+HPPfa2HkqZHrQmF9bgtIlfxBF3OT1PiparHqZc+nt5fHTK3ne/CC6HLxm0rYxuZb3Cof9O/BbwS4+E9 root@ubuntu-xenial
-----END SSH HOST KEY KEYS-----
[   32.812376] cloud-init[1226]: Cloud-init v. 0.7.7 running 'modules:final' at Tue, 17 May 2016 20:40:15 +0000. Up 32.34 seconds.
[   32.936463] cloud-init[1226]: ci-info: no authorized ssh keys fingerprints found for user ubuntu.
[   32.936733] cloud-init[1226]: Cloud-init v. 0.7.7 finished at Tue, 17 May 2016 20:40:16 +0000. Datasource DataSourceNoCloudNet [seed=/dev/sdb][dsmode=net].  Up 32.79 seconds
[[0;32m  OK  [0m] Started Execute cloud user/final scripts.
[[0;32m  OK  [0m] Reached target Cloud-init target.
[[0;32m  OK  [0m] Reached target Multi-User System.
[[0;32m  OK  [0m] Reached target Graphical Interface.
         Starting Update UTMP about System Runlevel Changes...
[[0;32m  OK  [0m] Started Update UTMP about System Runlevel Changes.

Ubuntu 16.04 LTS ubuntu-xenial ttyS0

ubuntu-xenial login: 