E, [2016-05-24T16:43:56.881045 #4854] ERROR -- Kitchen: ------Exception-------
E, [2016-05-24T16:43:56.881127 #4854] ERROR -- Kitchen: Class: Kitchen::UserError
E, [2016-05-24T16:43:56.881154 #4854] ERROR -- Kitchen: Message: Kitchen YAML file /home/brasilct/learningchef/chef-playground/.kitchen.yml does not exist.
E, [2016-05-24T16:43:56.881177 #4854] ERROR -- Kitchen: ------Backtrace-------
E, [2016-05-24T16:43:56.881199 #4854] ERROR -- Kitchen: /home/brasilct/.rbenv/versions/2.3.0/lib/ruby/gems/2.3.0/gems/test-kitchen-1.8.0/lib/kitchen/loader/yaml.rb:74:in `read'
E, [2016-05-24T16:43:56.881220 #4854] ERROR -- Kitchen: /home/brasilct/.rbenv/versions/2.3.0/lib/ruby/gems/2.3.0/gems/test-kitchen-1.8.0/lib/kitchen/config.rb:149:in `data'
E, [2016-05-24T16:43:56.881241 #4854] ERROR -- Kitchen: /home/brasilct/.rbenv/versions/2.3.0/lib/ruby/gems/2.3.0/gems/test-kitchen-1.8.0/lib/kitchen/config.rb:128:in `suites'
E, [2016-05-24T16:43:56.881262 #4854] ERROR -- Kitchen: /home/brasilct/.rbenv/versions/2.3.0/lib/ruby/gems/2.3.0/gems/test-kitchen-1.8.0/lib/kitchen/config.rb:179:in `filter_instances'
E, [2016-05-24T16:43:56.881282 #4854] ERROR -- Kitchen: /home/brasilct/.rbenv/versions/2.3.0/lib/ruby/gems/2.3.0/gems/test-kitchen-1.8.0/lib/kitchen/config.rb:138:in `build_instances'
E, [2016-05-24T16:43:56.881303 #4854] ERROR -- Kitchen: /home/brasilct/.rbenv/versions/2.3.0/lib/ruby/gems/2.3.0/gems/test-kitchen-1.8.0/lib/kitchen/config.rb:114:in `instances'
E, [2016-05-24T16:43:56.881345 #4854] ERROR -- Kitchen: /home/brasilct/.rbenv/versions/2.3.0/lib/ruby/gems/2.3.0/gems/test-kitchen-1.8.0/lib/kitchen/command.rb:115:in `filtered_instances'
E, [2016-05-24T16:43:56.881366 #4854] ERROR -- Kitchen: /home/brasilct/.rbenv/versions/2.3.0/lib/ruby/gems/2.3.0/gems/test-kitchen-1.8.0/lib/kitchen/command.rb:145:in `parse_subcommand'
E, [2016-05-24T16:43:56.881384 #4854] ERROR -- Kitchen: /home/brasilct/.rbenv/versions/2.3.0/lib/ruby/gems/2.3.0/gems/test-kitchen-1.8.0/lib/kitchen/command/list.rb:32:in `call'
E, [2016-05-24T16:43:56.881403 #4854] ERROR -- Kitchen: /home/brasilct/.rbenv/versions/2.3.0/lib/ruby/gems/2.3.0/gems/test-kitchen-1.8.0/lib/kitchen/cli.rb:56:in `perform'
E, [2016-05-24T16:43:56.881423 #4854] ERROR -- Kitchen: /home/brasilct/.rbenv/versions/2.3.0/lib/ruby/gems/2.3.0/gems/test-kitchen-1.8.0/lib/kitchen/cli.rb:116:in `list'
E, [2016-05-24T16:43:56.881442 #4854] ERROR -- Kitchen: /home/brasilct/.rbenv/versions/2.3.0/lib/ruby/gems/2.3.0/gems/thor-0.19.1/lib/thor/command.rb:27:in `run'
E, [2016-05-24T16:43:56.881461 #4854] ERROR -- Kitchen: /home/brasilct/.rbenv/versions/2.3.0/lib/ruby/gems/2.3.0/gems/thor-0.19.1/lib/thor/invocation.rb:126:in `invoke_command'
E, [2016-05-24T16:43:56.881482 #4854] ERROR -- Kitchen: /home/brasilct/.rbenv/versions/2.3.0/lib/ruby/gems/2.3.0/gems/test-kitchen-1.8.0/lib/kitchen/cli.rb:321:in `invoke_task'
E, [2016-05-24T16:43:56.881501 #4854] ERROR -- Kitchen: /home/brasilct/.rbenv/versions/2.3.0/lib/ruby/gems/2.3.0/gems/thor-0.19.1/lib/thor.rb:359:in `dispatch'
E, [2016-05-24T16:43:56.881521 #4854] ERROR -- Kitchen: /home/brasilct/.rbenv/versions/2.3.0/lib/ruby/gems/2.3.0/gems/thor-0.19.1/lib/thor/base.rb:440:in `start'
E, [2016-05-24T16:43:56.881541 #4854] ERROR -- Kitchen: /home/brasilct/.rbenv/versions/2.3.0/lib/ruby/gems/2.3.0/gems/test-kitchen-1.8.0/bin/kitchen:13:in `block in <top (required)>'
E, [2016-05-24T16:43:56.881571 #4854] ERROR -- Kitchen: /home/brasilct/.rbenv/versions/2.3.0/lib/ruby/gems/2.3.0/gems/test-kitchen-1.8.0/lib/kitchen/errors.rb:154:in `with_friendly_errors'
E, [2016-05-24T16:43:56.881591 #4854] ERROR -- Kitchen: /home/brasilct/.rbenv/versions/2.3.0/lib/ruby/gems/2.3.0/gems/test-kitchen-1.8.0/bin/kitchen:13:in `<top (required)>'
E, [2016-05-24T16:43:56.881611 #4854] ERROR -- Kitchen: /home/brasilct/.rbenv/versions/2.3.0/bin/kitchen:23:in `load'
E, [2016-05-24T16:43:56.881630 #4854] ERROR -- Kitchen: /home/brasilct/.rbenv/versions/2.3.0/bin/kitchen:23:in `<main>'
E, [2016-05-24T16:43:56.881648 #4854] ERROR -- Kitchen: ----------------------
